2025-11-06 07:29:46.916 [com.mohnish.voiceassistant.audio.STTTest.main()] INFO  c.m.v.audio.MicrophoneCapture - Microphone initialized successfully
2025-11-06 07:29:46.920 [com.mohnish.voiceassistant.audio.STTTest.main()] INFO  c.m.v.audio.VoskSTTEngine - Loading Vosk model from: models/vosk-model-small-en-us-0.15
2025-11-06 07:29:47.925 [com.mohnish.voiceassistant.audio.STTTest.main()] INFO  c.m.v.audio.MicrophoneCapture - Microphone closed
2025-11-06 07:46:15.227 [com.mohnish.voiceassistant.audio.STTTest.main()] INFO  c.m.v.audio.MicrophoneCapture - Microphone initialized successfully
2025-11-06 07:46:15.228 [com.mohnish.voiceassistant.audio.STTTest.main()] INFO  c.m.v.audio.VoskSTTEngine - Loading Vosk model from: models/vosk-model-small-en-us-0.15
2025-11-06 07:46:16.250 [com.mohnish.voiceassistant.audio.STTTest.main()] INFO  c.m.v.audio.MicrophoneCapture - Microphone closed
2025-11-06 14:52:27.144 [com.mohnish.voiceassistant.audio.MacOSSTTTest.main()] INFO  c.m.v.audio.MicrophoneCapture - Microphone initialized successfully
2025-11-06 14:52:27.148 [com.mohnish.voiceassistant.audio.MacOSSTTTest.main()] INFO  c.m.v.audio.MacOSSTTEngine - MacOS STT Engine initialized
2025-11-06 14:52:27.148 [com.mohnish.voiceassistant.audio.MacOSSTTTest.main()] INFO  c.m.v.audio.MacOSSTTEngine - Using macOS built-in speech recognition
2025-11-06 14:52:29.970 [com.mohnish.voiceassistant.audio.MacOSSTTTest.main()] INFO  c.m.v.audio.MicrophoneCapture - Recording for 5 seconds...
2025-11-06 14:52:34.998 [com.mohnish.voiceassistant.audio.MacOSSTTTest.main()] INFO  c.m.v.audio.MicrophoneCapture - Recording completed. Captured 156800 bytes
2025-11-06 14:52:35.005 [com.mohnish.voiceassistant.audio.MacOSSTTTest.main()] INFO  c.m.v.audio.MacOSSTTEngine - Transcribing audio file: audio-7284984722638693679.wav
2025-11-06 14:52:47.274 [com.mohnish.voiceassistant.audio.MacOSSTTTest.main()] INFO  c.m.v.audio.MacOSSTTEngine - Transcription: 'hello how are you'
2025-11-06 14:52:54.183 [com.mohnish.voiceassistant.audio.MacOSSTTTest.main()] INFO  c.m.v.audio.MicrophoneCapture - Recording for 5 seconds...
2025-11-06 14:52:59.218 [com.mohnish.voiceassistant.audio.MacOSSTTTest.main()] INFO  c.m.v.audio.MicrophoneCapture - Recording completed. Captured 163200 bytes
2025-11-06 14:52:59.220 [com.mohnish.voiceassistant.audio.MacOSSTTTest.main()] INFO  c.m.v.audio.MacOSSTTEngine - Transcribing audio file: audio-7550265986665211427.wav
2025-11-06 14:53:00.582 [com.mohnish.voiceassistant.audio.MacOSSTTTest.main()] INFO  c.m.v.audio.MacOSSTTEngine - Transcription: 'ok nice what do you mean by machine learning'
2025-11-06 14:53:04.651 [com.mohnish.voiceassistant.audio.MacOSSTTTest.main()] INFO  c.m.v.audio.MicrophoneCapture - Recording for 5 seconds...
2025-11-06 14:53:09.688 [com.mohnish.voiceassistant.audio.MacOSSTTTest.main()] INFO  c.m.v.audio.MicrophoneCapture - Recording completed. Captured 160000 bytes
2025-11-06 14:53:09.692 [com.mohnish.voiceassistant.audio.MacOSSTTTest.main()] INFO  c.m.v.audio.MacOSSTTEngine - Transcribing audio file: audio-5567326829108283534.wav
2025-11-06 14:53:11.030 [com.mohnish.voiceassistant.audio.MacOSSTTTest.main()] INFO  c.m.v.audio.MacOSSTTEngine - Transcription: 'my name is Manish Singh Yadav'
2025-11-06 14:53:35.491 [com.mohnish.voiceassistant.audio.MacOSSTTTest.main()] INFO  c.m.v.audio.MicrophoneCapture - Microphone closed
2025-11-06 14:53:35.504 [com.mohnish.voiceassistant.audio.MacOSSTTTest.main()] INFO  c.m.v.audio.MacOSSTTEngine - STT Engine closed
